nohup: ignoring input
I tensorflow/stream_executor/dso_loader.cc:111] successfully opened CUDA library libcublas.so locally
I tensorflow/stream_executor/dso_loader.cc:111] successfully opened CUDA library libcudnn.so locally
I tensorflow/stream_executor/dso_loader.cc:111] successfully opened CUDA library libcufft.so locally
I tensorflow/stream_executor/dso_loader.cc:111] successfully opened CUDA library libcuda.so.1 locally
I tensorflow/stream_executor/dso_loader.cc:111] successfully opened CUDA library libcurand.so locally
I tensorflow/core/common_runtime/gpu/gpu_device.cc:951] Found device 0 with properties: 
name: Tesla K80
major: 3 minor: 7 memoryClockRate (GHz) 0.8235
pciBusID 0000:86:00.0
Total memory: 11.17GiB
Free memory: 11.11GiB
W tensorflow/stream_executor/cuda/cuda_driver.cc:572] creating context when one is currently active; existing: 0x38507e0
I tensorflow/core/common_runtime/gpu/gpu_device.cc:951] Found device 1 with properties: 
name: Tesla K80
major: 3 minor: 7 memoryClockRate (GHz) 0.8235
pciBusID 0000:87:00.0
Total memory: 11.17GiB
Free memory: 11.11GiB
W tensorflow/stream_executor/cuda/cuda_driver.cc:572] creating context when one is currently active; existing: 0x3cc28c0
I tensorflow/core/common_runtime/gpu/gpu_device.cc:951] Found device 2 with properties: 
name: Tesla K80
major: 3 minor: 7 memoryClockRate (GHz) 0.8235
pciBusID 0000:8a:00.0
Total memory: 11.17GiB
Free memory: 11.11GiB
W tensorflow/stream_executor/cuda/cuda_driver.cc:572] creating context when one is currently active; existing: 0x4119d30
I tensorflow/core/common_runtime/gpu/gpu_device.cc:951] Found device 3 with properties: 
name: Tesla K80
major: 3 minor: 7 memoryClockRate (GHz) 0.8235
pciBusID 0000:8b:00.0
Total memory: 11.17GiB
Free memory: 11.11GiB
I tensorflow/core/common_runtime/gpu/gpu_device.cc:972] DMA: 0 1 2 3 
I tensorflow/core/common_runtime/gpu/gpu_device.cc:982] 0:   Y Y Y Y 
I tensorflow/core/common_runtime/gpu/gpu_device.cc:982] 1:   Y Y Y Y 
I tensorflow/core/common_runtime/gpu/gpu_device.cc:982] 2:   Y Y Y Y 
I tensorflow/core/common_runtime/gpu/gpu_device.cc:982] 3:   Y Y Y Y 
I tensorflow/core/common_runtime/gpu/gpu_device.cc:1041] Creating TensorFlow device (/gpu:0) -> (device: 0, name: Tesla K80, pci bus id: 0000:86:00.0)
I tensorflow/core/common_runtime/gpu/gpu_device.cc:1041] Creating TensorFlow device (/gpu:1) -> (device: 1, name: Tesla K80, pci bus id: 0000:87:00.0)
I tensorflow/core/common_runtime/gpu/gpu_device.cc:1041] Creating TensorFlow device (/gpu:2) -> (device: 2, name: Tesla K80, pci bus id: 0000:8a:00.0)
I tensorflow/core/common_runtime/gpu/gpu_device.cc:1041] Creating TensorFlow device (/gpu:3) -> (device: 3, name: Tesla K80, pci bus id: 0000:8b:00.0)
INFO:tensorflow:Load dictionary 
INFO:tensorflow:done 
INFO:tensorflow:Parser traing params
INFO:tensorflow:done
INFO:tensorflow:Build placeholder 
INFO:tensorflow:done
INFO:tensorflow:Build data iterator
INFO:tensorflow:done
INFO:tensorflow:Model init done 
INFO:tensorflow:building model on device 0 , reuse : 0.
I tensorflow/core/common_runtime/gpu/pool_allocator.cc:245] PoolAllocator: After 14724 get requests, put_count=14692 evicted_count=1000 eviction_rate=0.0680643 and unsatisfied allocation rate=0.0768813
I tensorflow/core/common_runtime/gpu/pool_allocator.cc:257] Raising pool_size_limit_ from 100 to 110
I tensorflow/core/common_runtime/gpu/pool_allocator.cc:245] PoolAllocator: After 65434 get requests, put_count=65887 evicted_count=1000 eviction_rate=0.0151775 and unsatisfied allocation rate=0.00871107
I tensorflow/core/common_runtime/gpu/pool_allocator.cc:257] Raising pool_size_limit_ from 256 to 281
