build the generate without training
using the rmsprop of the model when build generate
reloading params from nmt180w_second 
reloading params done
('num_filters_total is ', 4550)
using rmsprop as the optimizer for the discriminator
building train model
done
build_discriminate 
done
reloading file from disCnn-180w-multi-generator
reloading file done
building the discriminator without training done
done
reinforcement training begin...
reinforcement training for 0 epoch
finetune the generator begin...
('the reward is ', array([[ 0.31134087,  0.32294148,  0.39783019, ...,  0.        ,
         0.        ,  0.        ],
       [ 0.44286931,  0.44383585,  0.47854626, ...,  0.        ,
         0.        ,  0.        ],
       [ 0.44244176,  0.36325425,  0.47683299, ..., -0.        ,
        -0.        , -0.        ],
       ..., 
       [ 0.16423738, -0.13616133, -0.00370976, ..., -0.        ,
        -0.        , -0.        ],
       [ 0.1976217 ,  0.1567589 ,  0.27723891, ...,  0.        ,
         0.        ,  0.        ],
       [ 0.42010742,  0.36026561,  0.2937032 , ...,  0.        ,
         0.        ,  0.        ]], dtype=float32))
the 0 iter, seen 1 examples, loss is -1.986953 
save the parameters when seen 1 examples 
('the reward for ground in teacher forcing is ', array([[1, 1, 1, ..., 0, 0, 0],
       [1, 1, 1, ..., 0, 0, 0],
       [1, 1, 1, ..., 0, 0, 0],
       ..., 
       [1, 1, 1, ..., 0, 0, 0],
       [1, 1, 1, ..., 0, 0, 0],
       [1, 1, 1, ..., 0, 0, 0]], dtype=int32))
the 0 iter, seen 1 ground examples, loss is -15.128678 
finetune the generator done!
prepare the gan_dis_data begin 
prepare the gan_dis_data done, the num of the gan_dis_data is 5000
generator generate and save to /data/zhyang/dl4mt/corpus/data_gan_180w_zxw/data_for_multi_gan_train/gan_dis_negative_u8.txt
('Seen ', 5000, 'generator samples. Time cost is ', 55.431132078170776)
done!
prepare the dis_dev sets
done!
finetune the discriminator begin...
the source data in training cnn is /data/zhyang/dl4mt/corpus/data_gan_180w_zxw/data_for_multi_gan_train/gan_dis_source_u8.txt
the positive data in training cnn is /data/zhyang/dl4mt/corpus/data_gan_180w_zxw/data_for_multi_gan_train/gan_dis_positive_u8.txt
the negative data in training cnn is /data/zhyang/dl4mt/corpus/data_gan_180w_zxw/data_for_multi_gan_train/gan_dis_negative_u8.txt
train begin
------------------------------------------Hour 0 --------------------
('Epoch :', 0)
